<?xml version="1.0" encoding="UTF-8"?>
<!-- Generated by org.testng.reporters.JUnitXMLReporter -->
<testsuite ignored="9" hostname="Utkarsh" failures="0" tests="1" name="Default test" time="16.439" errors="0" timestamp="2025-10-26T20:50:46 IST">
  <testcase classname="tests.NaukriTest" name="jobBookmark" time="8.827"/>
  <testcase classname="tests.NaukriTest" name="SimpleSearch" time="0.0">
    <ignored/>
  </testcase> <!-- SimpleSearch -->
  <testcase classname="tests.NaukriTest" name="forgetPassword" time="0.0">
    <ignored/>
  </testcase> <!-- forgetPassword -->
  <testcase classname="tests.NaukriTest" name="login" time="0.0">
    <ignored/>
  </testcase> <!-- login -->
  <testcase classname="tests.NaukriTest" name="JobDetail" time="0.0">
    <ignored/>
  </testcase> <!-- JobDetail -->
  <testcase classname="tests.NaukriTest" name="Search2" time="0.0">
    <ignored/>
  </testcase> <!-- Search2 -->
  <testcase classname="tests.NaukriTest" name="verifyPage" time="0.0">
    <ignored/>
  </testcase> <!-- verifyPage -->
  <testcase classname="tests.NaukriTest" name="uploadResume" time="0.0">
    <ignored/>
  </testcase> <!-- uploadResume -->
  <testcase classname="tests.NaukriTest" name="Logout" time="0.0">
    <ignored/>
  </testcase> <!-- Logout -->
  <testcase classname="tests.NaukriTest" name="invalidLogin" time="0.0">
    <ignored/>
  </testcase> <!-- invalidLogin -->
</testsuite> <!-- Default test -->
